[01m[K/home/fri/Documents/julia/catkin_ws/src/opencv_hw/src/opencv_hw.cpp:3:10:[m[K [01;31m[Kfatal error: [m[Kopencv_hw/ROSInterface.cpp: No such file or directory
 #include [01;31m[K<opencv_hw/ROSInterface.cpp>[m[K
          [01;31m[K^~~~~~~~~~~~~~~~~~~~~~~~~~~~[m[K
compilation terminated.
make[2]: *** [CMakeFiles/opencv_hw.dir/src/opencv_hw.cpp.o] Error 1
make[2]: *** Waiting for unfinished jobs....
[01m[K/home/fri/Documents/julia/catkin_ws/src/opencv_hw/src/ColorFilter.cpp:4:20:[m[K [01;31m[Kerror: [m[K‘[01m[Kopencv_hw[m[K’ does not name a type
 using namespace cv;[01;31m[Kopencv_hw[m[K/
                    [01;31m[K^~~~~~~~~[m[K
[01m[K/home/fri/Documents/julia/catkin_ws/src/opencv_hw/src/ColorFilter.cpp:6:16:[m[K [01;31m[Kerror: [m[Kexpected constructor, destructor, or type conversion before ‘[01m[K;[m[K’ token
     findGreen()[01;31m[K;[m[K
                [01;31m[K^[m[K
[01m[K/home/fri/Documents/julia/catkin_ws/src/opencv_hw/src/ColorFilter.cpp:7:14:[m[K [01;31m[Kerror: [m[Kexpected constructor, destructor, or type conversion before ‘[01m[K;[m[K’ token
     findRed()[01;31m[K;[m[K
              [01;31m[K^[m[K
[01m[K/home/fri/Documents/julia/catkin_ws/src/opencv_hw/src/ColorFilter.cpp:8:14:[m[K [01;31m[Kerror: [m[Kexpected constructor, destructor, or type conversion before ‘[01m[K;[m[K’ token
     findBGR()[01;31m[K;[m[K
              [01;31m[K^[m[K
[01m[K/home/fri/Documents/julia/catkin_ws/src/opencv_hw/src/ColorFilter.cpp:10:1:[m[K [01;31m[Kerror: [m[Kexpected declaration before ‘[01m[K}[m[K’ token
 [01;31m[K}[m[K
 [01;31m[K^[m[K
make[2]: *** [CMakeFiles/opencv_hw.dir/src/ColorFilter.cpp.o] Error 1
make[1]: *** [CMakeFiles/opencv_hw.dir/all] Error 2
make: *** [all] Error 2
