[36m--[0m Using CATKIN_DEVEL_PREFIX: /home/fri/Documents/julia/catkin_ws/devel/.private/opencv_hw
[36m--[0m Using CMAKE_PREFIX_PATH: /home/fri/Documents/julia/catkin_ws/devel;/home/fri/catkin_ws_pramit/devel;/opt/ros/melodic;/home/fri/shruti/catkin_ws/devel
[36m--[0m This workspace overlays: /home/fri/Documents/julia/catkin_ws/devel;/home/fri/catkin_ws_pramit/devel;/opt/ros/melodic
[36m--[0m Found PythonInterp: /usr/bin/python2 (found suitable version "2.7.17", minimum required is "2")
[36m--[0m Using PYTHON_EXECUTABLE: /usr/bin/python2
[36m--[0m Using Debian Python package layout
[36m--[0m Using empy: /usr/bin/empy
[36m--[0m Using CATKIN_ENABLE_TESTING: ON
[36m--[0m Call enable_testing()
[36m--[0m Using CATKIN_TEST_RESULTS_DIR: /home/fri/Documents/julia/catkin_ws/build/opencv_hw/test_results
[36m--[0m Found gtest sources under '/usr/src/googletest': gtests will be built
[36m--[0m Found gmock sources under '/usr/src/googletest': gmock will be built
[36m--[0m Found PythonInterp: /usr/bin/python2 (found version "2.7.17")
[36m--[0m Using Python nosetests: /usr/bin/nosetests-2.7
[36m--[0m catkin 0.7.29
[36m--[0m BUILD_SHARED_LIBS is on
[31m[1mCMake Error[0m at /home/fri/Documents/julia/catkin_ws/src/opencv_hw/CMakeLists.txt:134 (add_dependencies):
  Cannot add target-level dependencies to non-existent target "}}".

  The add_dependencies works for top-level logical targets created by the
  add_executable, add_library, or add_custom_target commands.  If you want to
  add file-level dependencies see the DEPENDS option of the add_custom_target
  and add_custom_command commands.


[36m--[0m Configuring incomplete, errors occurred!
See also "/home/fri/Documents/julia/catkin_ws/build/opencv_hw/CMakeFiles/CMakeOutput.log".
See also "/home/fri/Documents/julia/catkin_ws/build/opencv_hw/CMakeFiles/CMakeError.log".
Makefile:774: recipe for target 'cmake_check_build_system' failed
make: *** [cmake_check_build_system] Error 1
