CMakeFiles/opencv_hw.dir/src/ROSInterface.cpp.o: In function `ROSInterface::ROSInterface(ColorFilter)':
ROSInterface.cpp:(.text+0x738): undefined reference to `cv::namedWindow(cv::String const&, int)'
CMakeFiles/opencv_hw.dir/src/ROSInterface.cpp.o: In function `ROSInterface::~ROSInterface()':
ROSInterface.cpp:(.text+0xa1c): undefined reference to `cv::destroyWindow(cv::String const&)'
CMakeFiles/opencv_hw.dir/src/ROSInterface.cpp.o: In function `ROSInterface::imageCb(boost::shared_ptr<sensor_msgs::Image_<std::allocator<void> > const> const&)':
ROSInterface.cpp:(.text+0xb22): undefined reference to `cv::VideoCapture::VideoCapture(cv::String const&)'
ROSInterface.cpp:(.text+0xc37): undefined reference to `cv::imshow(cv::String const&, cv::_InputArray const&)'
ROSInterface.cpp:(.text+0xc5f): undefined reference to `cv::waitKey(int)'
ROSInterface.cpp:(.text+0xcc7): undefined reference to `cv::imshow(cv::String const&, cv::_InputArray const&)'
ROSInterface.cpp:(.text+0xcfe): undefined reference to `cv::waitKey(int)'
ROSInterface.cpp:(.text+0xd66): undefined reference to `cv::imshow(cv::String const&, cv::_InputArray const&)'
ROSInterface.cpp:(.text+0xd9d): undefined reference to `cv::waitKey(int)'
ROSInterface.cpp:(.text+0xe05): undefined reference to `cv::imshow(cv::String const&, cv::_InputArray const&)'
ROSInterface.cpp:(.text+0xe3c): undefined reference to `cv::waitKey(int)'
ROSInterface.cpp:(.text+0xea4): undefined reference to `cv::imshow(cv::String const&, cv::_InputArray const&)'
ROSInterface.cpp:(.text+0xedb): undefined reference to `cv::waitKey(int)'
ROSInterface.cpp:(.text+0xf02): undefined reference to `cv::VideoCapture::operator>>(cv::Mat&)'
ROSInterface.cpp:(.text+0x1051): undefined reference to `cv::waitKey(int)'
ROSInterface.cpp:(.text+0x1058): undefined reference to `cv::VideoCapture::operator>>(cv::Mat&)'
ROSInterface.cpp:(.text+0x109d): undefined reference to `cv::VideoCapture::operator>>(cv::Mat&)'
ROSInterface.cpp:(.text+0x11d6): undefined reference to `cv::waitKey(int)'
ROSInterface.cpp:(.text+0x11dd): undefined reference to `cv::VideoCapture::operator>>(cv::Mat&)'
ROSInterface.cpp:(.text+0x1222): undefined reference to `cv::VideoCapture::operator>>(cv::Mat&)'
ROSInterface.cpp:(.text+0x135b): undefined reference to `cv::waitKey(int)'
ROSInterface.cpp:(.text+0x1362): undefined reference to `cv::VideoCapture::operator>>(cv::Mat&)'
ROSInterface.cpp:(.text+0x13a7): undefined reference to `cv::VideoCapture::operator>>(cv::Mat&)'
ROSInterface.cpp:(.text+0x14e0): undefined reference to `cv::waitKey(int)'
ROSInterface.cpp:(.text+0x14e7): undefined reference to `cv::VideoCapture::operator>>(cv::Mat&)'
ROSInterface.cpp:(.text+0x156e): undefined reference to `cv::VideoCapture::~VideoCapture()'
ROSInterface.cpp:(.text+0x1899): undefined reference to `cv::VideoCapture::~VideoCapture()'
CMakeFiles/opencv_hw.dir/src/ColorFilter.cpp.o: In function `ColorFilter::showResult()':
ColorFilter.cpp:(.text+0x17c): undefined reference to `cv::imshow(cv::String const&, cv::_InputArray const&)'
collect2: error: ld returned 1 exit status
make[2]: *** [/home/fri/Documents/julia/catkin_ws/devel/.private/opencv_hw/lib/opencv_hw/opencv_hw] Error 1
make[1]: *** [CMakeFiles/opencv_hw.dir/all] Error 2
make: *** [all] Error 2
