Determining if the pthread_create exist failed with the following output:
Change Dir: /home/fri/Documents/julia/catkin_ws/build/catkin_tools_prebuild/CMakeFiles/CMakeTmp

Run Build Command:"/usr/bin/make" "cmTC_d8f71/fast"
/usr/bin/make -f CMakeFiles/cmTC_d8f71.dir/build.make CMakeFiles/cmTC_d8f71.dir/build
make[1]: Entering directory '/home/fri/Documents/julia/catkin_ws/build/catkin_tools_prebuild/CMakeFiles/CMakeTmp'
Building C object CMakeFiles/cmTC_d8f71.dir/CheckSymbolExists.c.o
/usr/bin/cc    -o CMakeFiles/cmTC_d8f71.dir/CheckSymbolExists.c.o   -c /home/fri/Documents/julia/catkin_ws/build/catkin_tools_prebuild/CMakeFiles/CMakeTmp/CheckSymbolExists.c
Linking C executable cmTC_d8f71
/usr/bin/cmake -E cmake_link_script CMakeFiles/cmTC_d8f71.dir/link.txt --verbose=1
/usr/bin/cc      -rdynamic CMakeFiles/cmTC_d8f71.dir/CheckSymbolExists.c.o  -o cmTC_d8f71 
CMakeFiles/cmTC_d8f71.dir/CheckSymbolExists.c.o: In function `main':
CheckSymbolExists.c:(.text+0x1b): undefined reference to `pthread_create'
collect2: error: ld returned 1 exit status
CMakeFiles/cmTC_d8f71.dir/build.make:97: recipe for target 'cmTC_d8f71' failed
make[1]: *** [cmTC_d8f71] Error 1
make[1]: Leaving directory '/home/fri/Documents/julia/catkin_ws/build/catkin_tools_prebuild/CMakeFiles/CMakeTmp'
Makefile:126: recipe for target 'cmTC_d8f71/fast' failed
make: *** [cmTC_d8f71/fast] Error 2

File /home/fri/Documents/julia/catkin_ws/build/catkin_tools_prebuild/CMakeFiles/CMakeTmp/CheckSymbolExists.c:
/* */
#include <pthread.h>

int main(int argc, char** argv)
{
  (void)argv;
#ifndef pthread_create
  return ((int*)(&pthread_create))[argc];
#else
  (void)argc;
  return 0;
#endif
}

Determining if the function pthread_create exists in the pthreads failed with the following output:
Change Dir: /home/fri/Documents/julia/catkin_ws/build/catkin_tools_prebuild/CMakeFiles/CMakeTmp

Run Build Command:"/usr/bin/make" "cmTC_d667b/fast"
/usr/bin/make -f CMakeFiles/cmTC_d667b.dir/build.make CMakeFiles/cmTC_d667b.dir/build
make[1]: Entering directory '/home/fri/Documents/julia/catkin_ws/build/catkin_tools_prebuild/CMakeFiles/CMakeTmp'
Building C object CMakeFiles/cmTC_d667b.dir/CheckFunctionExists.c.o
/usr/bin/cc   -DCHECK_FUNCTION_EXISTS=pthread_create   -o CMakeFiles/cmTC_d667b.dir/CheckFunctionExists.c.o   -c /usr/share/cmake-3.10/Modules/CheckFunctionExists.c
Linking C executable cmTC_d667b
/usr/bin/cmake -E cmake_link_script CMakeFiles/cmTC_d667b.dir/link.txt --verbose=1
/usr/bin/cc  -DCHECK_FUNCTION_EXISTS=pthread_create    -rdynamic CMakeFiles/cmTC_d667b.dir/CheckFunctionExists.c.o  -o cmTC_d667b -lpthreads 
/usr/bin/ld: cannot find -lpthreads
collect2: error: ld returned 1 exit status
CMakeFiles/cmTC_d667b.dir/build.make:97: recipe for target 'cmTC_d667b' failed
make[1]: *** [cmTC_d667b] Error 1
make[1]: Leaving directory '/home/fri/Documents/julia/catkin_ws/build/catkin_tools_prebuild/CMakeFiles/CMakeTmp'
Makefile:126: recipe for target 'cmTC_d667b/fast' failed
make: *** [cmTC_d667b/fast] Error 2


